2022-01-09 09:04:51.743 [main] INFO  com.revature.entity.User - user "1" was created
2022-01-09 09:06:36.139 [main] INFO  com.revature.entity.User - user "1" was created
2022-01-09 09:07:29.724 [main] INFO  com.revature.entity.User - user "1" was created
2022-01-09 09:09:33.019 [main] INFO  com.revature.entity.User - user "1" was created
2022-01-09 09:10:15.479 [main] INFO  com.revature.entity.User - user "1" get created
2022-01-09 09:14:58.571 [main] INFO  com.revature.entity.User - user "1" get created
2022-01-09 09:17:49.219 [main] INFO  com.revature.entity.User - user "name" get created
2022-01-09 09:21:06.473 [main] INFO  com.revature.entity.User - user "name" get created
2022-01-09 09:41:57.542 [main] INFO  com.revature.entity.Account - account "alien" is created
2022-01-09 09:41:57.556 [main] INFO  com.revature.entity.User - user "name" get created
2022-01-09 09:44:48.668 [main] INFO  com.revature.entity.Account - account "alien" is created
2022-01-09 09:44:48.685 [main] INFO  com.revature.entity.User - user "name" get created
2022-01-09 09:45:15.771 [main] INFO  com.revature.entity.Account - account "alien" is created
2022-01-09 09:45:15.788 [main] INFO  com.revature.entity.User - user "name" get created
2022-01-09 09:47:54.203 [main] INFO  com.revature.entity.Account - account "acName" is created
2022-01-09 09:47:54.218 [main] INFO  com.revature.entity.User - user "name" get created
2022-01-09 09:48:49.713 [main] INFO  com.revature.entity.User - user "1" get created
2022-01-09 09:49:02.322 [main] INFO  com.revature.entity.Account - account "1111" is created
2022-01-09 09:49:09.165 [main] INFO  com.revature.entity.Account - account "2222" is created
2022-01-09 09:50:27.213 [main] INFO  com.revature.entity.Account - account "acName" is created
2022-01-09 09:50:27.227 [main] INFO  com.revature.entity.User - user "name" get created
2022-01-09 09:51:05.627 [main] INFO  com.revature.entity.Account - account "acName" is created
2022-01-09 09:51:05.644 [main] INFO  com.revature.entity.User - user "name" get created
2022-01-09 09:51:49.385 [main] INFO  com.revature.entity.Account - account "acName" is created
2022-01-09 09:51:49.388 [main] INFO  com.revature.entity.Account - account "ac2" is created
2022-01-09 09:51:49.393 [main] INFO  com.revature.entity.User - user "name" get created
2022-01-09 09:52:54.374 [main] INFO  com.revature.entity.Account - account "acName" is created
2022-01-09 09:52:54.377 [main] INFO  com.revature.entity.Account - account "acName2" is created
2022-01-09 09:52:54.382 [main] INFO  com.revature.entity.User - user "name" get created
2022-01-09 09:53:41.600 [main] INFO  com.revature.entity.Account - account "acName" is created
2022-01-09 09:53:41.604 [main] INFO  com.revature.entity.Account - account "acName2" is created
2022-01-09 09:53:41.609 [main] INFO  com.revature.entity.User - user "name" get created
2022-01-09 09:54:36.789 [main] INFO  com.revature.entity.Account - account "acName" is created
2022-01-09 09:54:36.793 [main] INFO  com.revature.entity.Account - account "acName2" is created
2022-01-09 09:54:36.797 [main] INFO  com.revature.entity.User - user "name" get created
2022-01-09 09:55:13.095 [main] INFO  com.revature.entity.Account - account "acName" is created
2022-01-09 09:55:13.099 [main] INFO  com.revature.entity.Account - account "acName2" is created
2022-01-09 09:55:13.104 [main] INFO  com.revature.entity.User - user "name" get created
2022-01-09 09:56:36.239 [main] INFO  com.revature.entity.Account - account "acName" is created
2022-01-09 09:56:36.243 [main] INFO  com.revature.entity.Account - account "acName2" is created
2022-01-09 09:56:36.248 [main] INFO  com.revature.entity.User - user "name" get created
2022-01-09 09:57:59.766 [main] INFO  com.revature.entity.Account - account "acName" is created
2022-01-09 09:57:59.771 [main] INFO  com.revature.entity.Account - account "acName2" is created
2022-01-09 09:57:59.776 [main] INFO  com.revature.entity.User - user "name" get created
2022-01-09 09:58:44.421 [main] INFO  com.revature.entity.Account - account "acName" is created
2022-01-09 09:58:44.424 [main] INFO  com.revature.entity.Account - account "acName2" is created
2022-01-09 09:58:44.429 [main] INFO  com.revature.entity.User - user "name" get created
2022-01-09 09:58:44.431 [main] INFO  com.revature.entity.Account - account "acName" is created
2022-01-09 10:03:44.272 [main] INFO  com.revature.entity.Account - account "acName" is created
2022-01-09 10:03:44.279 [main] INFO  com.revature.entity.Account - account "acName2" is created
2022-01-09 10:03:44.297 [main] INFO  com.revature.entity.User - user "name" get created
2022-01-09 10:03:44.299 [main] INFO  com.revature.entity.Account - account "acName" is created
2022-01-09 10:03:44.302 [main] INFO  com.revature.entity.Account - account "acName" is created
2022-01-09 10:04:43.542 [main] INFO  com.revature.entity.User - user "1" get created
2022-01-09 10:04:57.934 [main] INFO  com.revature.entity.Account - account "1111" is created
2022-01-09 10:06:15.051 [main] INFO  com.revature.entity.Account - account "acName" is created
2022-01-09 10:06:15.055 [main] INFO  com.revature.entity.Account - account "acName2" is created
2022-01-09 10:06:15.064 [main] INFO  com.revature.entity.User - user "name" get created
2022-01-09 10:06:15.068 [main] INFO  com.revature.entity.Account - account "acName" is created
2022-01-09 10:06:15.070 [main] INFO  com.revature.entity.Account - account "acName" is created
2022-01-09 10:07:26.568 [main] INFO  com.revature.entity.Account - account "acName" is created
2022-01-09 10:07:26.572 [main] INFO  com.revature.entity.Account - account "acName2" is created
2022-01-09 10:07:26.578 [main] INFO  com.revature.entity.User - user "name" get created
2022-01-09 10:07:26.579 [main] INFO  com.revature.entity.Account - account "acName" is created
2022-01-09 10:07:26.583 [main] INFO  com.revature.entity.Account - account "acName" is created
2022-01-09 10:09:00.778 [main] INFO  com.revature.entity.Account - account "acName" is created
2022-01-09 10:09:00.781 [main] INFO  com.revature.entity.Account - account "acName2" is created
2022-01-09 10:09:00.788 [main] INFO  com.revature.entity.User - user "name" get created
2022-01-09 10:09:00.790 [main] INFO  com.revature.entity.Account - account "acName" is created
2022-01-09 10:09:00.796 [main] INFO  com.revature.entity.Account - account "acName" is created
2022-01-09 10:11:10.348 [main] INFO  com.revature.entity.Account - account "acName" is created
2022-01-09 10:11:10.353 [main] INFO  com.revature.entity.Account - account "acName2" is created
2022-01-09 10:11:10.362 [main] INFO  com.revature.entity.User - user "name" get created
2022-01-09 10:11:10.364 [main] INFO  com.revature.entity.Account - account "acName" is created
2022-01-09 10:11:10.367 [main] INFO  com.revature.entity.Account - account "acName" is created
2022-01-09 10:14:05.485 [main] INFO  com.revature.entity.Account - account "acName" is created
2022-01-09 10:14:05.490 [main] INFO  com.revature.entity.Account - account "acName2" is created
2022-01-09 10:14:05.500 [main] INFO  com.revature.entity.User - user "name" get created
2022-01-09 10:14:05.502 [main] INFO  com.revature.entity.Account - account "acName" is created
2022-01-09 10:14:05.504 [main] INFO  com.revature.entity.Account - account "acName" is created
2022-01-09 10:14:05.512 [main] INFO  com.revature.entity.Account - account "acName" is created
2022-01-09 10:14:34.384 [main] INFO  com.revature.entity.Account - account "acName" is created
2022-01-09 10:14:34.388 [main] INFO  com.revature.entity.Account - account "acName2" is created
2022-01-09 10:14:34.396 [main] INFO  com.revature.entity.User - user "name" get created
2022-01-09 10:14:34.398 [main] INFO  com.revature.entity.Account - account "acName" is created
2022-01-09 10:14:34.402 [main] INFO  com.revature.entity.Account - account "acName" is created
2022-01-09 10:14:34.409 [main] INFO  com.revature.entity.Account - account "acName" is created
2022-01-09 10:14:58.510 [main] INFO  com.revature.entity.Account - account "acName" is created
2022-01-09 10:14:58.514 [main] INFO  com.revature.entity.Account - account "acName2" is created
2022-01-09 10:14:58.522 [main] INFO  com.revature.entity.User - user "name" get created
2022-01-09 10:14:58.524 [main] INFO  com.revature.entity.Account - account "acName" is created
2022-01-09 10:14:58.527 [main] INFO  com.revature.entity.Account - account "acName" is created
2022-01-09 10:14:58.535 [main] INFO  com.revature.entity.Account - account "acName" is created
2022-01-09 10:18:03.739 [main] INFO  com.revature.entity.Account - account "acName" is created
2022-01-09 10:18:03.743 [main] INFO  com.revature.entity.Account - account "acName2" is created
2022-01-09 10:18:03.748 [main] INFO  com.revature.entity.User - user "name" get created
2022-01-09 10:18:03.750 [main] INFO  com.revature.entity.Account - account "acName" is created
2022-01-09 10:18:03.754 [main] INFO  com.revature.entity.Account - account "acName" is created
2022-01-09 10:18:03.766 [main] INFO  com.revature.entity.Account - account "acName" is created
2022-01-09 10:18:52.208 [main] INFO  com.revature.entity.Account - account "acName" is created
2022-01-09 10:18:52.212 [main] INFO  com.revature.entity.Account - account "acName2" is created
2022-01-09 10:18:52.218 [main] INFO  com.revature.entity.User - user "name" get created
2022-01-09 10:18:52.221 [main] INFO  com.revature.entity.Account - account "acName" is created
2022-01-09 10:18:52.224 [main] INFO  com.revature.entity.Account - account "acName" is created
2022-01-09 10:18:52.229 [main] INFO  com.revature.entity.Account - account "acName" is created
2022-01-09 10:19:16.044 [main] INFO  com.revature.entity.Account - account "acName" is created
2022-01-09 10:19:16.048 [main] INFO  com.revature.entity.Account - account "acName2" is created
2022-01-09 10:19:16.055 [main] INFO  com.revature.entity.User - user "name" get created
2022-01-09 10:19:16.056 [main] INFO  com.revature.entity.Account - account "acName" is created
2022-01-09 10:19:16.059 [main] INFO  com.revature.entity.Account - account "acName" is created
2022-01-09 10:19:16.072 [main] INFO  com.revature.entity.Account - account "acName" is created
2022-01-09 10:19:50.155 [main] INFO  com.revature.entity.Account - account "acName" is created
2022-01-09 10:19:50.162 [main] INFO  com.revature.entity.Account - account "acName2" is created
2022-01-09 10:19:50.167 [main] INFO  com.revature.entity.User - user "name" get created
2022-01-09 10:19:50.169 [main] INFO  com.revature.entity.Account - account "acName" is created
2022-01-09 10:19:50.172 [main] INFO  com.revature.entity.Account - account "acName" is created
2022-01-09 10:19:50.178 [main] INFO  com.revature.entity.Account - account "acName" is created
2022-01-09 10:20:37.253 [main] INFO  com.revature.entity.Account - account "acName" is created
2022-01-09 10:20:37.263 [main] INFO  com.revature.entity.Account - account "acName" is created
2022-01-09 10:20:37.265 [main] INFO  com.revature.entity.Account - account "acName2" is created
2022-01-09 10:20:37.270 [main] INFO  com.revature.entity.User - user "name" get created
2022-01-09 10:20:37.271 [main] INFO  com.revature.entity.Account - account "acName" is created
2022-01-09 10:20:37.273 [main] INFO  com.revature.entity.Account - account "acName" is created
2022-01-09 10:20:37.277 [main] INFO  com.revature.entity.Account - account "acName" is created
2022-01-09 10:26:41.113 [main] INFO  com.revature.entity.Account - account "acName" is created
2022-01-09 10:26:41.119 [main] INFO  com.revature.entity.Account - account "acName" is created
2022-01-09 10:26:41.119 [main] INFO  com.revature.entity.Account - account "acName2" is created
2022-01-09 10:26:41.122 [main] INFO  com.revature.entity.User - user "name" get created
2022-01-09 10:26:41.123 [main] INFO  com.revature.entity.Account - account "acName" is created
2022-01-09 10:26:41.126 [main] INFO  com.revature.entity.Account - account "acName" is created
2022-01-09 10:26:41.130 [main] INFO  com.revature.entity.Account - account "acName" is created
2022-01-09 10:28:59.493 [main] INFO  com.revature.entity.Account - account "acName" is created
2022-01-09 10:28:59.503 [main] INFO  com.revature.entity.Account - account "acName" is created
2022-01-09 10:28:59.504 [main] INFO  com.revature.entity.Account - account "acName2" is created
2022-01-09 10:28:59.509 [main] INFO  com.revature.entity.User - user "name" get created
2022-01-09 10:28:59.510 [main] INFO  com.revature.entity.Account - account "acName" is created
2022-01-09 10:28:59.512 [main] INFO  com.revature.entity.Account - account "acName" is created
2022-01-09 10:28:59.515 [main] INFO  com.revature.entity.Account - account "acName" is created
2022-01-09 11:25:19.514 [main] INFO  com.revature.entity.Account - account "acName" is created
2022-01-09 11:25:19.514 [main] INFO  com.revature.entity.Account - account "acName" is created
2022-01-09 11:25:19.514 [main] INFO  com.revature.entity.Account - account "acName2" is created
2022-01-09 11:25:19.529 [main] INFO  com.revature.entity.User - user "name" get created
2022-01-09 11:25:19.529 [main] INFO  com.revature.entity.Account - account "acName" is created
2022-01-09 11:25:19.529 [main] INFO  com.revature.entity.Account - account "acName" is created
2022-01-09 11:25:19.536 [main] INFO  com.revature.entity.Account - account "acName" is created
2022-01-09 11:28:05.383 [main] INFO  com.revature.entity.Account - account "account name" is created
2022-01-09 11:28:05.399 [main] INFO  com.revature.entity.Account - account "acName" is created
2022-01-09 11:28:05.399 [main] INFO  com.revature.entity.Account - account "acName" is created
2022-01-09 11:28:05.399 [main] INFO  com.revature.entity.Account - account "acName2" is created
2022-01-09 11:28:05.399 [main] INFO  com.revature.entity.User - user "name" get created
2022-01-09 11:28:05.399 [main] INFO  com.revature.entity.Account - account "acName" is created
2022-01-09 11:28:05.399 [main] INFO  com.revature.entity.Account - account "acName" is created
2022-01-09 11:28:05.415 [main] INFO  com.revature.entity.Account - account "acName" is created
2022-01-09 11:29:58.821 [main] INFO  com.revature.entity.Account - account "acName" is created
2022-01-09 11:29:58.821 [main] INFO  com.revature.entity.Account - account "acName" is created
2022-01-09 11:29:58.837 [main] INFO  com.revature.entity.Account - account "acName" is created
2022-01-09 11:29:58.837 [main] INFO  com.revature.entity.Account - account "acName" is created
2022-01-09 11:29:58.837 [main] INFO  com.revature.entity.Account - account "acName2" is created
2022-01-09 11:29:58.843 [main] INFO  com.revature.entity.User - user "name" get created
2022-01-09 11:29:58.843 [main] INFO  com.revature.entity.Account - account "acName" is created
2022-01-09 11:29:58.843 [main] INFO  com.revature.entity.Account - account "acName" is created
2022-01-09 11:29:58.843 [main] INFO  com.revature.entity.Account - account "acName" is created
2022-01-09 11:34:53.331 [main] INFO  com.revature.entity.Account - account "acName" is created
2022-01-09 11:34:53.331 [main] INFO  com.revature.entity.Account - account "acName" is created
2022-01-09 11:34:53.331 [main] INFO  com.revature.entity.Account - account "acName" is created
2022-01-09 11:34:53.346 [main] INFO  com.revature.entity.Account - account "acName" is created
2022-01-09 11:34:53.346 [main] INFO  com.revature.entity.Account - account "acName" is created
2022-01-09 11:34:53.346 [main] INFO  com.revature.entity.Account - account "acName2" is created
2022-01-09 11:34:53.346 [main] INFO  com.revature.entity.User - user "name" get created
2022-01-09 11:34:53.346 [main] INFO  com.revature.entity.Account - account "acName" is created
2022-01-09 11:34:53.346 [main] INFO  com.revature.entity.Account - account "acName" is created
2022-01-09 11:34:53.346 [main] INFO  com.revature.entity.Account - account "acName" is created
2022-01-09 11:35:19.361 [main] INFO  com.revature.entity.Account - account "acName" is created
2022-01-09 11:35:19.361 [main] INFO  com.revature.entity.Account - account "acName" is created
2022-01-09 11:35:19.361 [main] INFO  com.revature.entity.Account - account "acName" is created
2022-01-09 11:35:19.361 [main] INFO  com.revature.entity.Account - name2 joint the account "acName"
2022-01-09 11:35:19.361 [main] INFO  com.revature.entity.Account - account "acName" is created
2022-01-09 11:35:19.361 [main] INFO  com.revature.entity.Account - account "acName" is created
2022-01-09 11:35:19.361 [main] INFO  com.revature.entity.Account - account "acName2" is created
2022-01-09 11:35:19.361 [main] INFO  com.revature.entity.User - user "name" get created
2022-01-09 11:35:19.376 [main] INFO  com.revature.entity.Account - account "acName" is created
2022-01-09 11:35:19.376 [main] INFO  com.revature.entity.Account - account "acName" is created
2022-01-09 11:35:19.376 [main] INFO  com.revature.entity.Account - account "acName" is created
2022-01-09 11:45:22.421 [main] INFO  com.revature.entity.Account - account "acName" is created
2022-01-09 11:45:22.437 [main] INFO  com.revature.entity.Account - account "acName" is created
2022-01-09 11:45:22.437 [main] INFO  com.revature.entity.Account - account "acName" is created
2022-01-09 11:45:22.437 [main] INFO  com.revature.entity.Account - name2 joint the account "acName"
2022-01-09 11:45:22.437 [main] INFO  com.revature.entity.Account - account "acName" is created
2022-01-09 11:45:22.437 [main] INFO  com.revature.entity.Account - account "acName" is created
2022-01-09 11:45:22.437 [main] INFO  com.revature.entity.Account - account "acName2" is created
2022-01-09 11:45:22.452 [main] INFO  com.revature.entity.User - user "name" get created
2022-01-09 11:45:22.452 [main] INFO  com.revature.entity.Account - account "acName" is created
2022-01-09 11:45:22.452 [main] INFO  com.revature.entity.Account - account "acName" is created
2022-01-09 11:45:22.452 [main] INFO  com.revature.entity.Account - account "acName" is created
2022-01-09 11:46:55.310 [main] INFO  com.revature.entity.Account - account "acName" is created
2022-01-09 11:46:55.318 [main] INFO  com.revature.entity.Account - account "acName" is created
2022-01-09 11:46:55.318 [main] INFO  com.revature.entity.Account - account "acName" is created
2022-01-09 11:46:55.318 [main] INFO  com.revature.entity.Account - name2 joint the account "acName"
2022-01-09 11:46:55.318 [main] INFO  com.revature.entity.Account - account "acName" is created
2022-01-09 11:46:55.326 [main] INFO  com.revature.entity.Account - account "acName" is created
2022-01-09 11:46:55.326 [main] INFO  com.revature.entity.Account - account "acName" is created
2022-01-09 11:46:55.326 [main] INFO  com.revature.entity.Account - account "acName2" is created
2022-01-09 11:46:55.330 [main] INFO  com.revature.entity.User - user "name" get created
2022-01-09 11:46:55.330 [main] INFO  com.revature.entity.Account - account "acName" is created
2022-01-09 11:46:55.330 [main] INFO  com.revature.entity.Account - account "acName" is created
2022-01-09 11:46:55.334 [main] INFO  com.revature.entity.Account - account "acName" is created
2022-01-09 11:47:38.135 [main] INFO  com.revature.entity.Account - account "acName" is created
2022-01-09 11:47:38.135 [main] INFO  com.revature.entity.Account - account "acName" is created
2022-01-09 11:47:38.135 [main] INFO  com.revature.entity.Account - account "acName" is created
2022-01-09 11:47:38.135 [main] INFO  com.revature.entity.Account - name2 joint the account "acName"
2022-01-09 11:47:38.135 [main] INFO  com.revature.entity.Account - account "acName" is created
2022-01-09 11:47:38.151 [main] INFO  com.revature.entity.Account - account "acName" is created
2022-01-09 11:47:38.151 [main] INFO  com.revature.entity.Account - account "acName" is created
2022-01-09 11:47:38.151 [main] INFO  com.revature.entity.Account - account "acName2" is created
2022-01-09 11:47:38.151 [main] INFO  com.revature.entity.User - user "name" get created
2022-01-09 11:47:38.151 [main] INFO  com.revature.entity.Account - account "acName" is created
2022-01-09 11:47:38.151 [main] INFO  com.revature.entity.Account - account "acName" is created
2022-01-09 11:47:38.151 [main] INFO  com.revature.entity.Account - account "acName" is created
2022-01-09 11:49:04.884 [main] INFO  com.revature.entity.Account - account "acName" is created
2022-01-09 11:49:04.888 [main] INFO  com.revature.entity.Account - account "acName" is created
2022-01-09 11:49:04.888 [main] INFO  com.revature.entity.Account - account "acName" is created
2022-01-09 11:49:04.892 [main] INFO  com.revature.entity.Account - name2 joint the account "acName"
2022-01-09 11:49:04.892 [main] INFO  com.revature.entity.Account - account "acName" is created
2022-01-09 11:49:04.896 [main] INFO  com.revature.entity.Account - account "acName" is created
2022-01-09 11:49:04.896 [main] INFO  com.revature.entity.Account - account "acName" is created
2022-01-09 11:49:04.896 [main] INFO  com.revature.entity.Account - account "acName2" is created
2022-01-09 11:49:04.900 [main] INFO  com.revature.entity.User - user "name" get created
2022-01-09 11:49:04.900 [main] INFO  com.revature.entity.Account - account "acName" is created
2022-01-09 11:49:04.904 [main] INFO  com.revature.entity.Account - account "acName" is created
2022-01-09 11:49:04.908 [main] INFO  com.revature.entity.Account - account "acName" is created
2022-01-09 11:57:01.337 [main] INFO  com.revature.entity.Account - account "acName" is created
2022-01-09 11:57:01.353 [main] INFO  com.revature.entity.Account - account "acName" is created
2022-01-09 11:57:01.353 [main] INFO  com.revature.entity.Account - account "acName" is created
2022-01-09 11:57:01.353 [main] INFO  com.revature.entity.Account - name2 joint the account "acName"
2022-01-09 11:57:01.353 [main] INFO  com.revature.entity.Account - account "acName" is created
2022-01-09 11:57:01.353 [main] INFO  com.revature.entity.Account - account "acName" is created
2022-01-09 11:57:01.353 [main] INFO  com.revature.entity.Account - user name deposited: 1000.0
2022-01-09 11:57:01.369 [main] INFO  com.revature.entity.Account - account "acName" is created
2022-01-09 11:57:01.369 [main] INFO  com.revature.entity.Account - account "acName" is created
2022-01-09 11:57:01.369 [main] INFO  com.revature.entity.Account - account "acName2" is created
2022-01-09 11:57:01.369 [main] INFO  com.revature.entity.User - user "name" get created
2022-01-09 11:57:01.384 [main] INFO  com.revature.entity.Account - account "acName" is created
2022-01-09 11:57:01.384 [main] INFO  com.revature.entity.Account - account "acName" is created
2022-01-09 11:57:01.384 [main] INFO  com.revature.entity.Account - account "acName" is created
2022-01-09 11:58:27.743 [main] INFO  com.revature.entity.Account - account "acName" is created
2022-01-09 11:58:27.759 [main] INFO  com.revature.entity.Account - account "acName" is created
2022-01-09 11:58:27.759 [main] INFO  com.revature.entity.Account - account "acName" is created
2022-01-09 11:58:27.759 [main] INFO  com.revature.entity.Account - name2 joint the account "acName"
2022-01-09 11:58:27.759 [main] INFO  com.revature.entity.Account - account "acName" is created
2022-01-09 11:58:27.759 [main] INFO  com.revature.entity.Account - account "acName" is created
2022-01-09 11:58:27.759 [main] INFO  com.revature.entity.Account - user userName deposited: 1000.0
2022-01-09 11:58:27.774 [main] INFO  com.revature.entity.Account - account "acName" is created
2022-01-09 11:58:27.774 [main] INFO  com.revature.entity.Account - account "acName" is created
2022-01-09 11:58:27.774 [main] INFO  com.revature.entity.Account - account "acName2" is created
2022-01-09 11:58:27.774 [main] INFO  com.revature.entity.User - user "name" get created
2022-01-09 11:58:27.774 [main] INFO  com.revature.entity.Account - account "acName" is created
2022-01-09 11:58:27.774 [main] INFO  com.revature.entity.Account - account "acName" is created
2022-01-09 11:58:27.774 [main] INFO  com.revature.entity.Account - account "acName" is created
2022-01-09 11:58:56.029 [main] INFO  com.revature.entity.Account - account "acName" is created
2022-01-09 11:58:56.029 [main] INFO  com.revature.entity.Account - account "acName" is created
2022-01-09 11:58:56.029 [main] INFO  com.revature.entity.Account - account "acName" is created
2022-01-09 11:58:56.029 [main] INFO  com.revature.entity.Account - name2 joint the account "acName"
2022-01-09 11:58:56.044 [main] INFO  com.revature.entity.Account - account "acName" is created
2022-01-09 11:58:56.044 [main] INFO  com.revature.entity.Account - account "acName" is created
2022-01-09 11:58:56.044 [main] INFO  com.revature.entity.Account - user userName deposited: 1000.0
2022-01-09 11:58:56.044 [main] INFO  com.revature.entity.Account - account "acName" is created
2022-01-09 11:58:56.044 [main] INFO  com.revature.entity.Account - account "acName" is created
2022-01-09 11:58:56.044 [main] INFO  com.revature.entity.Account - account "acName2" is created
2022-01-09 11:58:56.044 [main] INFO  com.revature.entity.User - user "name" get created
2022-01-09 11:58:56.044 [main] INFO  com.revature.entity.Account - account "acName" is created
2022-01-09 11:58:56.060 [main] INFO  com.revature.entity.Account - account "acName" is created
2022-01-09 11:58:56.060 [main] INFO  com.revature.entity.Account - account "acName" is created
2022-01-09 11:59:40.467 [main] INFO  com.revature.entity.Account - account "acName" is created
2022-01-09 11:59:40.467 [main] INFO  com.revature.entity.Account - account "acName" is created
2022-01-09 11:59:40.467 [main] INFO  com.revature.entity.Account - account "acName" is created
2022-01-09 11:59:40.467 [main] INFO  com.revature.entity.Account - name2 joint the account "acName"
2022-01-09 11:59:40.467 [main] INFO  com.revature.entity.Account - account "acName" is created
2022-01-09 11:59:40.467 [main] INFO  com.revature.entity.Account - account "acName" is created
2022-01-09 11:59:40.467 [main] INFO  com.revature.entity.Account - user userName deposited: 1000.0
2022-01-09 11:59:40.482 [main] INFO  com.revature.entity.Account - account "acName" is created
2022-01-09 11:59:40.482 [main] INFO  com.revature.entity.Account - account "acName" is created
2022-01-09 11:59:40.482 [main] INFO  com.revature.entity.Account - account "acName" is created
2022-01-09 11:59:40.482 [main] INFO  com.revature.entity.Account - account "acName2" is created
2022-01-09 11:59:40.482 [main] INFO  com.revature.entity.User - user "name" get created
2022-01-09 11:59:40.482 [main] INFO  com.revature.entity.Account - account "acName" is created
2022-01-09 11:59:40.498 [main] INFO  com.revature.entity.Account - account "acName" is created
2022-01-09 11:59:40.498 [main] INFO  com.revature.entity.Account - account "acName" is created
2022-01-09 11:59:50.211 [main] INFO  com.revature.entity.Account - account "acName" is created
2022-01-09 11:59:50.211 [main] INFO  com.revature.entity.Account - account "acName" is created
2022-01-09 11:59:50.211 [main] INFO  com.revature.entity.Account - account "acName" is created
2022-01-09 11:59:50.211 [main] INFO  com.revature.entity.Account - name2 joint the account "acName"
2022-01-09 11:59:50.211 [main] INFO  com.revature.entity.Account - account "acName" is created
2022-01-09 11:59:50.211 [main] INFO  com.revature.entity.Account - account "acName" is created
2022-01-09 11:59:50.227 [main] INFO  com.revature.entity.Account - user userName deposited: 1000.0
2022-01-09 11:59:50.227 [main] INFO  com.revature.entity.Account - account "acName" is created
2022-01-09 11:59:50.227 [main] INFO  com.revature.entity.Account - account "acName" is created
2022-01-09 11:59:50.227 [main] INFO  com.revature.entity.Account - account "acName" is created
2022-01-09 11:59:50.227 [main] INFO  com.revature.entity.Account - account "acName2" is created
2022-01-09 11:59:50.227 [main] INFO  com.revature.entity.User - user "name" get created
2022-01-09 11:59:50.227 [main] INFO  com.revature.entity.Account - account "acName" is created
2022-01-09 11:59:50.227 [main] INFO  com.revature.entity.Account - account "acName" is created
2022-01-09 11:59:50.242 [main] INFO  com.revature.entity.Account - account "acName" is created
2022-01-09 12:00:14.736 [main] INFO  com.revature.entity.Account - account "acName" is created
2022-01-09 12:00:14.744 [main] INFO  com.revature.entity.Account - account "acName" is created
2022-01-09 12:00:14.744 [main] INFO  com.revature.entity.Account - account "acName" is created
2022-01-09 12:00:14.744 [main] INFO  com.revature.entity.Account - name2 joint the account "acName"
2022-01-09 12:00:14.748 [main] INFO  com.revature.entity.Account - account "acName" is created
2022-01-09 12:00:14.748 [main] INFO  com.revature.entity.Account - account "acName" is created
2022-01-09 12:00:14.752 [main] INFO  com.revature.entity.Account - user userName deposited: 1000.0
2022-01-09 12:00:14.756 [main] INFO  com.revature.entity.Account - account "acName" is created
2022-01-09 12:00:14.764 [main] INFO  com.revature.entity.Account - account "acName" is created
2022-01-09 12:00:14.780 [main] INFO  com.revature.entity.Account - account "acName" is created
2022-01-09 12:00:14.780 [main] INFO  com.revature.entity.Account - account "acName2" is created
2022-01-09 12:00:14.788 [main] INFO  com.revature.entity.User - user "name" get created
2022-01-09 12:00:14.788 [main] INFO  com.revature.entity.Account - account "acName" is created
2022-01-09 12:00:14.800 [main] INFO  com.revature.entity.Account - account "acName" is created
2022-01-09 12:00:14.804 [main] INFO  com.revature.entity.Account - account "acName" is created
2022-01-09 12:01:46.478 [main] INFO  com.revature.entity.Account - account "acName" is created
2022-01-09 12:01:46.484 [main] INFO  com.revature.entity.Account - account "acName" is created
2022-01-09 12:01:46.485 [main] INFO  com.revature.entity.Account - account "acName" is created
2022-01-09 12:01:46.485 [main] INFO  com.revature.entity.Account - name2 joint the account "acName"
2022-01-09 12:01:46.486 [main] INFO  com.revature.entity.Account - account "acName" is created
2022-01-09 12:01:46.488 [main] INFO  com.revature.entity.Account - account "acName" is created
2022-01-09 12:01:46.493 [main] INFO  com.revature.entity.Account - user userName deposited: 1000.0
2022-01-09 12:01:46.493 [main] INFO  com.revature.entity.Account - user userName withdraw: 500.0
2022-01-09 12:01:46.494 [main] INFO  com.revature.entity.Account - account "acName" is created
2022-01-09 12:01:46.494 [main] INFO  com.revature.entity.Account - user userName deposited: 1000.0
2022-01-09 12:01:46.495 [main] INFO  com.revature.entity.Account - account "acName" is created
2022-01-09 12:01:46.499 [main] INFO  com.revature.entity.Account - account "acName" is created
2022-01-09 12:01:46.500 [main] INFO  com.revature.entity.Account - account "acName" is created
2022-01-09 12:01:46.501 [main] INFO  com.revature.entity.Account - account "acName2" is created
2022-01-09 12:01:46.503 [main] INFO  com.revature.entity.User - user "name" get created
2022-01-09 12:01:46.505 [main] INFO  com.revature.entity.Account - account "acName" is created
2022-01-09 12:01:46.513 [main] INFO  com.revature.entity.Account - account "acName" is created
2022-01-09 12:01:46.520 [main] INFO  com.revature.entity.Account - account "acName" is created
2022-01-09 12:03:08.853 [main] INFO  com.revature.entity.Account - account "acName" is created
2022-01-09 12:03:08.853 [main] INFO  com.revature.entity.Account - user userName deposited: 1000.0
2022-01-09 12:03:08.853 [main] INFO  com.revature.entity.Account - account "acName" is created
2022-01-09 12:03:08.868 [main] INFO  com.revature.entity.Account - account "acName" is created
2022-01-09 12:03:08.868 [main] INFO  com.revature.entity.Account - account "acName" is created
2022-01-09 12:03:08.868 [main] INFO  com.revature.entity.Account - name2 joint the account "acName"
2022-01-09 12:03:08.868 [main] INFO  com.revature.entity.Account - account "acName" is created
2022-01-09 12:03:08.868 [main] INFO  com.revature.entity.Account - account "acName" is created
2022-01-09 12:03:08.868 [main] INFO  com.revature.entity.Account - user userName deposited: 1000.0
2022-01-09 12:03:08.868 [main] INFO  com.revature.entity.Account - user userName withdraw: 500.0
2022-01-09 12:03:08.868 [main] INFO  com.revature.entity.Account - account "acName" is created
2022-01-09 12:03:08.868 [main] INFO  com.revature.entity.Account - user userName deposited: 1000.0
2022-01-09 12:03:08.884 [main] INFO  com.revature.entity.Account - account "acName" is created
2022-01-09 12:03:08.884 [main] INFO  com.revature.entity.Account - account "acName" is created
2022-01-09 12:03:08.900 [main] INFO  com.revature.entity.Account - account "acName" is created
2022-01-09 12:03:08.900 [main] INFO  com.revature.entity.Account - account "acName2" is created
2022-01-09 12:03:08.922 [main] INFO  com.revature.entity.User - user "name" get created
2022-01-09 12:03:08.922 [main] INFO  com.revature.entity.Account - account "acName" is created
2022-01-09 12:03:08.937 [main] INFO  com.revature.entity.Account - account "acName" is created
2022-01-09 12:03:08.937 [main] INFO  com.revature.entity.Account - account "acName" is created
2022-01-09 12:08:54.001 [main] INFO  com.revature.entity.Account - account "acName" is created
2022-01-09 12:08:54.017 [main] INFO  com.revature.entity.Account - account "acName" is created
2022-01-09 12:08:54.017 [main] INFO  com.revature.entity.Account - account "acName" is created
2022-01-09 12:08:54.017 [main] INFO  com.revature.entity.Account - account "acName" is created
2022-01-09 12:08:54.017 [main] INFO  com.revature.entity.Account - name2 joint the account "acName"
2022-01-09 12:08:54.017 [main] INFO  com.revature.entity.Account - account "acName" is created
2022-01-09 12:08:54.017 [main] INFO  com.revature.entity.Account - account "acName" is created
2022-01-09 12:08:54.017 [main] INFO  com.revature.entity.Account - account "acName" is created
2022-01-09 12:08:54.033 [main] INFO  com.revature.entity.Account - user userName deposited: 1000.0
2022-01-09 12:08:54.033 [main] INFO  com.revature.entity.Account - account "acName" is created
2022-01-09 12:08:54.033 [main] INFO  com.revature.entity.Account - account "acName" is created
2022-01-09 12:08:54.033 [main] INFO  com.revature.entity.Account - account "acName" is created
2022-01-09 12:08:54.033 [main] INFO  com.revature.entity.Account - account "acName2" is created
2022-01-09 12:08:54.033 [main] INFO  com.revature.entity.User - user "name" get created
2022-01-09 12:08:54.033 [main] INFO  com.revature.entity.Account - account "acName" is created
2022-01-09 12:08:54.048 [main] INFO  com.revature.entity.Account - account "acName" is created
2022-01-09 12:08:54.055 [main] INFO  com.revature.entity.Account - account "acName" is created
2022-01-09 12:09:11.082 [main] INFO  com.revature.entity.Account - account "acName" is created
2022-01-09 12:09:11.098 [main] INFO  com.revature.entity.Account - account "acName" is created
2022-01-09 12:09:11.098 [main] INFO  com.revature.entity.Account - account "acName" is created
2022-01-09 12:09:11.098 [main] INFO  com.revature.entity.Account - name2 joint the account "acName"
2022-01-09 12:09:11.098 [main] INFO  com.revature.entity.Account - account "acName" is created
2022-01-09 12:09:11.098 [main] INFO  com.revature.entity.Account - account "acName" is created
2022-01-09 12:09:11.104 [main] INFO  com.revature.entity.Account - account "acName" is created
2022-01-09 12:09:11.104 [main] INFO  com.revature.entity.Account - user userName deposited: 1000.0
2022-01-09 12:09:11.104 [main] INFO  com.revature.entity.Account - account "acName" is created
2022-01-09 12:09:11.120 [main] INFO  com.revature.entity.Account - account "acName" is created
2022-01-09 12:09:11.120 [main] INFO  com.revature.entity.Account - account "acName" is created
2022-01-09 12:09:11.120 [main] INFO  com.revature.entity.Account - account "acName2" is created
2022-01-09 12:09:11.120 [main] INFO  com.revature.entity.User - user "name" get created
2022-01-09 12:09:11.120 [main] INFO  com.revature.entity.Account - account "acName" is created
2022-01-09 12:09:11.120 [main] INFO  com.revature.entity.Account - account "acName" is created
2022-01-09 12:09:11.120 [main] INFO  com.revature.entity.Account - account "acName" is created
2022-01-09 12:09:41.695 [main] INFO  com.revature.entity.Account - account "acName" is created
2022-01-09 12:09:41.710 [main] INFO  com.revature.entity.Account - user userName deposited: 1000.0
2022-01-09 12:09:41.710 [main] INFO  com.revature.entity.Account - account "acName" is created
2022-01-09 12:09:41.710 [main] INFO  com.revature.entity.Account - account "acName" is created
2022-01-09 12:09:41.710 [main] INFO  com.revature.entity.Account - account "acName" is created
2022-01-09 12:09:41.710 [main] INFO  com.revature.entity.Account - name2 joint the account "acName"
2022-01-09 12:09:41.710 [main] INFO  com.revature.entity.Account - account "acName" is created
2022-01-09 12:09:41.726 [main] INFO  com.revature.entity.Account - account "acName" is created
2022-01-09 12:09:41.726 [main] INFO  com.revature.entity.Account - user userName deposited: 1000.0
2022-01-09 12:09:41.726 [main] INFO  com.revature.entity.Account - user userName withdraw: 500.0
2022-01-09 12:09:41.726 [main] INFO  com.revature.entity.Account - account "acName" is created
2022-01-09 12:09:41.726 [main] INFO  com.revature.entity.Account - user userName deposited: 1000.0
2022-01-09 12:09:41.726 [main] INFO  com.revature.entity.Account - account "acName" is created
2022-01-09 12:09:41.726 [main] INFO  com.revature.entity.Account - account "acName" is created
2022-01-09 12:09:41.726 [main] INFO  com.revature.entity.Account - account "acName" is created
2022-01-09 12:09:41.726 [main] INFO  com.revature.entity.Account - account "acName2" is created
2022-01-09 12:09:41.748 [main] INFO  com.revature.entity.User - user "name" get created
2022-01-09 12:09:41.748 [main] INFO  com.revature.entity.Account - account "acName" is created
2022-01-09 12:09:41.764 [main] INFO  com.revature.entity.Account - account "acName" is created
2022-01-09 12:09:41.764 [main] INFO  com.revature.entity.Account - account "acName" is created
2022-01-09 12:11:27.152 [main] INFO  com.revature.entity.Account - account "acName" is created
2022-01-09 12:11:27.168 [main] INFO  com.revature.entity.Account - user userName deposited: 1000.0
2022-01-09 12:11:27.168 [main] INFO  com.revature.entity.Account - account "acName" is created
2022-01-09 12:11:27.174 [main] INFO  com.revature.entity.Account - account "acName" is created
2022-01-09 12:11:27.174 [main] INFO  com.revature.entity.Account - account "acName" is created
2022-01-09 12:11:27.174 [main] INFO  com.revature.entity.Account - name2 joint the account "acName"
2022-01-09 12:11:27.174 [main] INFO  com.revature.entity.Account - account "acName" is created
2022-01-09 12:11:27.174 [main] INFO  com.revature.entity.Account - account "acName" is created
2022-01-09 12:11:27.174 [main] INFO  com.revature.entity.Account - user userName deposited: 1000.0
2022-01-09 12:11:27.174 [main] INFO  com.revature.entity.Account - user userName withdraw: 500.0
2022-01-09 12:11:27.174 [main] INFO  com.revature.entity.Account - account "acName" is created
2022-01-09 12:11:27.174 [main] INFO  com.revature.entity.Account - user userName deposited: 1000.0
2022-01-09 12:11:27.174 [main] INFO  com.revature.entity.Account - account "acName" is created
2022-01-09 12:11:27.174 [main] INFO  com.revature.entity.Account - account "acName" is created
2022-01-09 12:11:27.174 [main] INFO  com.revature.entity.Account - account "acOther" is created
2022-01-09 12:11:27.174 [main] INFO  com.revature.entity.Account - user userName deposited: 1000.0
2022-01-09 12:11:27.174 [main] INFO  com.revature.entity.Account - user userName transfered: 200.0 to acOther
2022-01-09 12:11:27.190 [main] INFO  com.revature.entity.Account - account "acName" is created
2022-01-09 12:11:27.190 [main] INFO  com.revature.entity.Account - account "acName" is created
2022-01-09 12:11:27.190 [main] INFO  com.revature.entity.Account - account "acName2" is created
2022-01-09 12:11:27.190 [main] INFO  com.revature.entity.User - user "name" get created
2022-01-09 12:11:27.190 [main] INFO  com.revature.entity.Account - account "acName" is created
2022-01-09 12:11:27.190 [main] INFO  com.revature.entity.Account - account "acName" is created
2022-01-09 12:11:27.206 [main] INFO  com.revature.entity.Account - account "acName" is created
2022-01-09 12:12:09.991 [main] INFO  com.revature.entity.Account - account "acName" is created
2022-01-09 12:12:10.006 [main] INFO  com.revature.entity.Account - user userName deposited: 1000.0
2022-01-09 12:12:10.006 [main] INFO  com.revature.entity.Account - account "acName" is created
2022-01-09 12:12:10.006 [main] INFO  com.revature.entity.Account - account "acName" is created
2022-01-09 12:12:10.006 [main] INFO  com.revature.entity.Account - account "acName" is created
2022-01-09 12:12:10.006 [main] INFO  com.revature.entity.Account - name2 joint the account "acName"
2022-01-09 12:12:10.006 [main] INFO  com.revature.entity.Account - account "acName" is created
2022-01-09 12:12:10.006 [main] INFO  com.revature.entity.Account - account "acName" is created
2022-01-09 12:12:10.006 [main] INFO  com.revature.entity.Account - user userName deposited: 1000.0
2022-01-09 12:12:10.006 [main] INFO  com.revature.entity.Account - user userName withdraw: 500.0
2022-01-09 12:12:10.006 [main] INFO  com.revature.entity.Account - account "acName" is created
2022-01-09 12:12:10.006 [main] INFO  com.revature.entity.Account - user userName deposited: 1000.0
2022-01-09 12:12:10.022 [main] INFO  com.revature.entity.Account - account "acName" is created
2022-01-09 12:12:10.022 [main] INFO  com.revature.entity.Account - account "acName" is created
2022-01-09 12:12:10.022 [main] INFO  com.revature.entity.Account - account "acOther" is created
2022-01-09 12:12:10.022 [main] INFO  com.revature.entity.Account - user userName deposited: 1000.0
2022-01-09 12:12:10.022 [main] INFO  com.revature.entity.Account - user userName transfered: 200.0 to acOther
2022-01-09 12:12:10.022 [main] INFO  com.revature.entity.Account - account "acName" is created
2022-01-09 12:12:10.022 [main] INFO  com.revature.entity.Account - account "acName" is created
2022-01-09 12:12:10.022 [main] INFO  com.revature.entity.Account - account "acName2" is created
2022-01-09 12:12:10.022 [main] INFO  com.revature.entity.User - user "name" get created
2022-01-09 12:12:10.037 [main] INFO  com.revature.entity.Account - account "acName" is created
2022-01-09 12:12:10.037 [main] INFO  com.revature.entity.Account - account "acName" is created
2022-01-09 12:12:10.037 [main] INFO  com.revature.entity.Account - account "acName" is created
2022-01-09 12:15:16.943 [main] INFO  com.revature.entity.Account - account "acName" is created
2022-01-09 12:15:16.943 [main] INFO  com.revature.entity.Account - user userName deposited: 1000.0
2022-01-09 12:15:16.943 [main] INFO  com.revature.entity.Account - account "acName" is created
2022-01-09 12:15:16.943 [main] INFO  com.revature.entity.Account - account "acName" is created
2022-01-09 12:15:16.943 [main] INFO  com.revature.entity.Account - account "acName" is created
2022-01-09 12:15:16.959 [main] INFO  com.revature.entity.Account - name2 joint the account "acName"
2022-01-09 12:15:16.959 [main] INFO  com.revature.entity.Account - account "acName" is created
2022-01-09 12:15:16.959 [main] INFO  com.revature.entity.Account - account "acName" is created
2022-01-09 12:15:16.959 [main] INFO  com.revature.entity.Account - user userName deposited: 1000.0
2022-01-09 12:15:16.959 [main] INFO  com.revature.entity.Account - user userName withdraw: 500.0
2022-01-09 12:15:16.959 [main] INFO  com.revature.entity.Account - account "acName" is created
2022-01-09 12:15:16.959 [main] INFO  com.revature.entity.Account - user userName deposited: 1000.0
2022-01-09 12:15:16.959 [main] INFO  com.revature.entity.Account - account "acName" is created
2022-01-09 12:15:16.966 [main] INFO  com.revature.entity.Account - user userName deposited: 1000.0
2022-01-09 12:15:16.966 [main] INFO  com.revature.entity.Account - account "acName" is created
2022-01-09 12:15:16.966 [main] INFO  com.revature.entity.Account - account "acName" is created
2022-01-09 12:15:16.966 [main] INFO  com.revature.entity.Account - account "acOther" is created
2022-01-09 12:15:16.966 [main] INFO  com.revature.entity.Account - user userName deposited: 1000.0
2022-01-09 12:15:16.966 [main] INFO  com.revature.entity.Account - user userName transfered: 200.0 to acOther
2022-01-09 12:15:16.966 [main] INFO  com.revature.entity.Account - account "acName" is created
2022-01-09 12:15:16.966 [main] INFO  com.revature.entity.Account - account "acName" is created
2022-01-09 12:15:16.966 [main] INFO  com.revature.entity.Account - account "acName2" is created
2022-01-09 12:15:16.981 [main] INFO  com.revature.entity.User - user "name" get created
2022-01-09 12:15:16.981 [main] INFO  com.revature.entity.Account - account "acName" is created
2022-01-09 12:15:16.981 [main] INFO  com.revature.entity.Account - account "acName" is created
2022-01-09 12:15:16.997 [main] INFO  com.revature.entity.Account - account "acName" is created
2022-01-09 12:32:27.676 [main] INFO  com.revature.entity.Account - account "acName" is created
2022-01-09 12:34:18.727 [main] INFO  com.revature.entity.Account - account "acName" is created
2022-01-09 12:34:18.735 [main] INFO  com.revature.entity.Account - account "acName" is created
2022-01-09 12:42:34.615 [main] INFO  com.revature.entity.Account - account "acName" is created
2022-01-09 12:43:37.377 [main] INFO  com.revature.entity.Account - account "acName" is created
2022-01-09 12:46:02.999 [main] INFO  com.revature.entity.Account - account "acName" is created
2022-01-09 12:46:03.015 [main] INFO  com.revature.entity.Account - account "acName" is created
2022-01-09 12:47:33.452 [main] INFO  com.revature.entity.Account - account "acName" is created
2022-01-09 12:47:33.452 [main] INFO  com.revature.entity.Account - user userName deposited: 1000.0
2022-01-09 12:47:33.452 [main] INFO  com.revature.entity.Account - account "acName" is created
2022-01-09 12:47:33.452 [main] INFO  com.revature.entity.Account - account "acName" is created
2022-01-09 12:47:33.452 [main] INFO  com.revature.entity.Account - account "acName" is created
2022-01-09 12:47:33.452 [main] INFO  com.revature.entity.Account - name2 joint the account "acName"
2022-01-09 12:47:33.468 [main] INFO  com.revature.entity.Account - account "acName" is created
2022-01-09 12:47:33.468 [main] INFO  com.revature.entity.Account - account "acName" is created
2022-01-09 12:47:33.468 [main] INFO  com.revature.entity.Account - user userName deposited: 1000.0
2022-01-09 12:47:33.468 [main] INFO  com.revature.entity.Account - user userName withdraw: 500.0
2022-01-09 12:47:33.468 [main] INFO  com.revature.entity.Account - account "acName" is created
2022-01-09 12:47:33.468 [main] INFO  com.revature.entity.Account - user userName deposited: 1000.0
2022-01-09 12:47:33.468 [main] INFO  com.revature.entity.Account - account "acName" is created
2022-01-09 12:47:33.468 [main] INFO  com.revature.entity.Account - user userName deposited: 1000.0
2022-01-09 12:47:33.468 [main] INFO  com.revature.entity.Account - account "acName" is created
2022-01-09 12:47:33.468 [main] INFO  com.revature.entity.Account - account "acName" is created
2022-01-09 12:47:33.468 [main] INFO  com.revature.entity.Account - account "acOther" is created
2022-01-09 12:47:33.468 [main] INFO  com.revature.entity.Account - user userName deposited: 1000.0
2022-01-09 12:47:33.468 [main] INFO  com.revature.entity.Account - user userName transfered: 200.0 to acOther
2022-01-09 12:47:33.484 [main] INFO  com.revature.entity.Account - account "acName" is created
2022-01-09 12:47:33.484 [main] INFO  com.revature.entity.Account - account "acName" is created
2022-01-09 12:47:33.484 [main] INFO  com.revature.entity.Account - account "acName2" is created
2022-01-09 12:47:33.490 [main] INFO  com.revature.entity.User - user "name" get created
2022-01-09 12:47:33.490 [main] INFO  com.revature.entity.Account - account "acName" is created
2022-01-09 12:47:33.490 [main] INFO  com.revature.entity.Account - account "acName" is created
2022-01-09 12:47:33.490 [main] INFO  com.revature.entity.Account - account "acName" is created
2022-01-09 12:47:33.490 [main] INFO  com.revature.entity.Account - account "acName" is created
2022-01-09 12:47:33.490 [main] INFO  com.revature.entity.Account - account "acName" is created
2022-01-09 12:47:33.506 [main] INFO  com.revature.entity.Account - account "acName" is created
2022-01-09 12:47:33.506 [main] INFO  com.revature.entity.Account - account "acName" is created
2022-01-09 12:47:47.863 [main] INFO  com.revature.entity.Account - account "acName" is created
2022-01-09 12:47:47.863 [main] INFO  com.revature.entity.Account - user userName deposited: 1000.0
2022-01-09 12:47:47.863 [main] INFO  com.revature.entity.Account - account "acName" is created
2022-01-09 12:47:47.879 [main] INFO  com.revature.entity.Account - account "acName" is created
2022-01-09 12:47:47.879 [main] INFO  com.revature.entity.Account - account "acName" is created
2022-01-09 12:47:47.879 [main] INFO  com.revature.entity.Account - name2 joint the account "acName"
2022-01-09 12:47:47.879 [main] INFO  com.revature.entity.Account - account "acName" is created
2022-01-09 12:47:47.879 [main] INFO  com.revature.entity.Account - account "acName" is created
2022-01-09 12:47:47.879 [main] INFO  com.revature.entity.Account - user userName deposited: 1000.0
2022-01-09 12:47:47.879 [main] INFO  com.revature.entity.Account - user userName withdraw: 500.0
2022-01-09 12:47:47.879 [main] INFO  com.revature.entity.Account - account "acName" is created
2022-01-09 12:47:47.879 [main] INFO  com.revature.entity.Account - user userName deposited: 1000.0
2022-01-09 12:47:47.879 [main] INFO  com.revature.entity.Account - account "acName" is created
2022-01-09 12:47:47.879 [main] INFO  com.revature.entity.Account - user userName deposited: 1000.0
2022-01-09 12:47:47.879 [main] INFO  com.revature.entity.Account - account "acName" is created
2022-01-09 12:47:47.879 [main] INFO  com.revature.entity.Account - account "acName" is created
2022-01-09 12:47:47.879 [main] INFO  com.revature.entity.Account - account "acOther" is created
2022-01-09 12:47:47.879 [main] INFO  com.revature.entity.Account - user userName deposited: 1000.0
2022-01-09 12:47:47.894 [main] INFO  com.revature.entity.Account - user userName transfered: 200.0 to acOther
2022-01-09 12:47:47.894 [main] INFO  com.revature.entity.Account - account "acName" is created
2022-01-09 12:47:47.894 [main] INFO  com.revature.entity.Account - account "acName" is created
2022-01-09 12:47:47.894 [main] INFO  com.revature.entity.Account - account "acName2" is created
2022-01-09 12:47:47.894 [main] INFO  com.revature.entity.User - user "name" get created
2022-01-09 12:47:47.894 [main] INFO  com.revature.entity.Account - account "acName" is created
2022-01-09 12:47:47.894 [main] INFO  com.revature.entity.Account - account "acName" is created
2022-01-09 12:47:47.910 [main] INFO  com.revature.entity.Account - account "acName" is created
2022-01-09 12:47:47.910 [main] INFO  com.revature.entity.Account - account "acName" is created
2022-01-09 12:47:47.910 [main] INFO  com.revature.entity.Account - account "acName" is created
2022-01-09 12:47:47.941 [main] INFO  com.revature.entity.Account - account "acName" is created
2022-01-09 12:47:47.948 [main] INFO  com.revature.entity.Account - account "acName" is created
2022-01-09 16:05:15.578 [main] INFO  com.revature.entity.User - user "1" get created
2022-01-09 16:05:26.862 [main] INFO  com.revature.entity.Account - account "1111" is created
2022-01-09 16:08:24.681 [main] INFO  com.revature.entity.User - user "1" get created
2022-01-09 16:08:47.444 [main] INFO  com.revature.entity.Account - account "1111" is created
2022-01-09 16:16:51.356 [main] INFO  com.revature.entity.User - user "1" get created
2022-01-09 16:17:02.092 [main] INFO  com.revature.entity.Account - account "1111" is created
2022-01-09 16:17:14.331 [main] INFO  com.revature.entity.worker.Employe - Emplye approveAccounts error: java.lang.ArrayIndexOutOfBoundsException: 1
2022-01-09 16:21:27.958 [main] INFO  com.revature.entity.Account - account "acName" is created
2022-01-09 16:21:27.958 [main] INFO  com.revature.entity.Account - user userName deposited: 1000.0
2022-01-09 16:21:27.958 [main] INFO  com.revature.entity.Account - account "acName" is created
2022-01-09 16:21:27.974 [main] INFO  com.revature.entity.Account - account "acName" is created
2022-01-09 16:21:27.974 [main] INFO  com.revature.entity.Account - account "acName" is created
2022-01-09 16:21:27.974 [main] INFO  com.revature.entity.Account - name2 joint the account "acName"
2022-01-09 16:21:27.974 [main] INFO  com.revature.entity.Account - account "acName" is created
2022-01-09 16:21:27.974 [main] INFO  com.revature.entity.Account - account "acName" is created
2022-01-09 16:21:27.974 [main] INFO  com.revature.entity.Account - user userName deposited: 1000.0
2022-01-09 16:21:27.974 [main] INFO  com.revature.entity.Account - user userName withdraw: 500.0
2022-01-09 16:21:27.974 [main] INFO  com.revature.entity.Account - account "acName" is created
2022-01-09 16:21:27.974 [main] INFO  com.revature.entity.Account - user userName deposited: 1000.0
2022-01-09 16:21:27.974 [main] INFO  com.revature.entity.Account - account "acName" is created
2022-01-09 16:21:27.974 [main] INFO  com.revature.entity.Account - user userName deposited: 1000.0
2022-01-09 16:21:27.974 [main] INFO  com.revature.entity.Account - account "acName" is created
2022-01-09 16:21:27.990 [main] INFO  com.revature.entity.Account - account "acName" is created
2022-01-09 16:21:27.990 [main] INFO  com.revature.entity.Account - account "acOther" is created
2022-01-09 16:21:27.990 [main] INFO  com.revature.entity.Account - user userName deposited: 1000.0
2022-01-09 16:21:27.990 [main] INFO  com.revature.entity.Account - user userName transfered: 200.0 to acOther
2022-01-09 16:21:27.990 [main] INFO  com.revature.entity.Account - account "acName" is created
2022-01-09 16:21:27.990 [main] INFO  com.revature.entity.Account - account "acName" is created
2022-01-09 16:21:27.990 [main] INFO  com.revature.entity.Account - account "acName2" is created
2022-01-09 16:21:28.005 [main] INFO  com.revature.entity.User - user "name" get created
2022-01-09 16:21:28.005 [main] INFO  com.revature.entity.Account - account "acName" is created
2022-01-09 16:21:28.005 [main] INFO  com.revature.entity.Account - account "acName" is created
2022-01-09 16:21:28.005 [main] INFO  com.revature.entity.Account - account "acName" is created
2022-01-09 16:21:28.005 [main] INFO  com.revature.entity.Account - account "acName" is created
2022-01-09 16:21:28.037 [main] INFO  com.revature.entity.Account - account "acName" is created
2022-01-09 16:21:28.037 [main] INFO  com.revature.entity.Account - account "acName" is created
2022-01-09 16:21:28.037 [main] INFO  com.revature.entity.Account - account "acName" is created
2022-01-09 16:23:22.298 [main] INFO  com.revature.entity.Account - account "acName" is created
2022-01-09 16:23:22.306 [main] INFO  com.revature.entity.Account - user userName deposited: 1000.0
2022-01-09 16:23:22.306 [main] INFO  com.revature.entity.Account - account "acName" is created
2022-01-09 16:23:22.310 [main] INFO  com.revature.entity.Account - account "acName" is created
2022-01-09 16:23:22.310 [main] INFO  com.revature.entity.Account - account "acName" is created
2022-01-09 16:23:22.310 [main] INFO  com.revature.entity.Account - name2 joint the account "acName"
2022-01-09 16:23:22.310 [main] INFO  com.revature.entity.Account - account "acName" is created
2022-01-09 16:23:22.314 [main] INFO  com.revature.entity.Account - account "acName" is created
2022-01-09 16:23:22.314 [main] INFO  com.revature.entity.Account - user userName deposited: 1000.0
2022-01-09 16:23:22.314 [main] INFO  com.revature.entity.Account - user userName withdraw: 500.0
2022-01-09 16:23:22.318 [main] INFO  com.revature.entity.Account - account "acName" is created
2022-01-09 16:23:22.318 [main] INFO  com.revature.entity.Account - user userName deposited: 1000.0
2022-01-09 16:23:22.318 [main] INFO  com.revature.entity.Account - account "acName" is created
2022-01-09 16:23:22.318 [main] INFO  com.revature.entity.Account - user userName deposited: 1000.0
2022-01-09 16:23:22.318 [main] INFO  com.revature.entity.Account - account "acName" is created
2022-01-09 16:23:22.322 [main] INFO  com.revature.entity.Account - account "acName" is created
2022-01-09 16:23:22.322 [main] INFO  com.revature.entity.Account - account "acOther" is created
2022-01-09 16:23:22.322 [main] INFO  com.revature.entity.Account - user userName deposited: 1000.0
2022-01-09 16:23:22.322 [main] INFO  com.revature.entity.Account - user userName transfered: 200.0 to acOther
2022-01-09 16:23:22.326 [main] INFO  com.revature.entity.Account - account "acName" is created
2022-01-09 16:23:22.330 [main] INFO  com.revature.entity.Account - account "acName" is created
2022-01-09 16:23:22.330 [main] INFO  com.revature.entity.Account - account "acName2" is created
2022-01-09 16:23:22.346 [main] INFO  com.revature.entity.User - user "name" get created
2022-01-09 16:23:22.350 [main] INFO  com.revature.entity.Account - account "acName" is created
2022-01-09 16:23:22.354 [main] INFO  com.revature.entity.Account - account "acName" is created
2022-01-09 16:23:22.358 [main] INFO  com.revature.entity.Account - account "acName" is created
2022-01-09 16:23:22.366 [main] INFO  com.revature.entity.Account - account "acName" is created
2022-01-09 16:23:22.366 [main] INFO  com.revature.entity.Account - account "acName" is created
2022-01-09 16:23:22.374 [main] INFO  com.revature.entity.Account - account "acName" is created
2022-01-09 16:23:22.374 [main] INFO  com.revature.entity.Account - account "acName" is created
